<?xml version="1.0" encoding="utf-8"?><testsuites name="pytest tests"><testsuite name="pytest" errors="0" failures="4" skipped="13" tests="36" time="52.193" timestamp="2025-12-01T18:18:58.452245+00:00" hostname="runnervmg1sw1"><properties><property name="ENV_CONFIG" value="targets/qemu_x86-64.yaml" /><property name="TARGETS" value="['main']" /></properties><testcase classname="tests.test_apk.TestApk" name="test_apk_procd_installed" time="0.000"><skipped type="pytest.skip" message="LG_FEATURE_APK not defined">/home/runner/work/openwrt-tests/openwrt-tests/tests/test_apk.py:10: LG_FEATURE_APK not defined</skipped></testcase><testcase classname="tests.test_apk.TestApk" name="test_apk_add_ucert" time="0.000"><skipped type="pytest.skip" message="LG_FEATURE_APK not defined">/home/runner/work/openwrt-tests/openwrt-tests/tests/test_apk.py:13: LG_FEATURE_APK not defined</skipped></testcase><testcase classname="tests.test_apk.TestApk" name="test_apk_audit" time="0.000"><skipped type="pytest.skip" message="LG_FEATURE_APK not defined">/home/runner/work/openwrt-tests/openwrt-tests/tests/test_apk.py:23: LG_FEATURE_APK not defined</skipped></testcase><testcase classname="tests.test_base" name="test_shell" time="42.099" /><testcase classname="tests.test_base" name="test_firmware_version" time="0.173"><properties><property name="firmware_version" value="r29057-e781816fe1" /><property name="expected_firmware_version" value="r29057-e781816fe1" /></properties></testcase><testcase classname="tests.test_base" name="test_dropbear_startup" time="0.751" /><testcase classname="tests.test_base" name="test_ssh" time="5.154" /><testcase classname="tests.test_base" name="test_echo" time="0.113" /><testcase classname="tests.test_base" name="test_uname" time="0.149" /><testcase classname="tests.test_base" name="test_ubus_system_board" time="0.209" /><testcase classname="tests.test_base" name="test_free_memory" time="0.146" /><testcase classname="tests.test_base" name="test_sysupgrade_backup" time="0.000"><skipped type="pytest.skip" message="Skipping because feature &quot;{'rootfs'}&quot; is not supported">/home/runner/work/openwrt-tests/openwrt-tests/tests/test_base.py:69: Skipping because feature "{'rootfs'}" is not supported</skipped></testcase><testcase classname="tests.test_base" name="test_sysupgrade_backup_u" time="0.000"><skipped type="pytest.skip" message="Skipping because feature &quot;{'rootfs'}&quot; is not supported">/home/runner/work/openwrt-tests/openwrt-tests/tests/test_base.py:81: Skipping because feature "{'rootfs'}" is not supported</skipped></testcase><testcase classname="tests.test_base" name="test_kernel_errors" time="0.210" /><testcase classname="tests.test_lan.TestLan" name="test_lan_wait_for_link_ready" time="0.001"><failure message="AttributeError: 'TestLan' object has no attribute 'run'">shell_command = &lt;test_lan.TestLan object at 0x7fbf1c6660d0&gt;

    def test_lan_wait_for_link_ready(shell_command):
        for _ in range(60):
&gt;           if shell_command.run("dmesg | grep br-lan | grep forwarding")[2] == 0:
               ^^^^^^^^^^^^^^^^^
E           AttributeError: 'TestLan' object has no attribute 'run'

tests/test_lan.py:15: AttributeError</failure></testcase><testcase classname="tests.test_lan.TestLan" name="test_lan_wait_for_network" time="0.000"><failure message="AttributeError: 'TestLan' object has no attribute 'run_check'">shell_command = &lt;test_lan.TestLan object at 0x7fbf1c666350&gt;

    def test_lan_wait_for_network(shell_command):
        for _ in range(60):
&gt;           if ubus_call(shell_command, "network.interface.lan", "status").get(
               ^^^^^^^^^^^^^^^^^^^^^^^^^^^^^^^^^^^^^^^^^^^^^^^^^^^^^^^^^^^
                "ipv4-address"
            ):

tests/test_lan.py:24: 
_ _ _ _ _ _ _ _ _ _ _ _ _ _ _ _ _ _ _ _ _ _ _ _ _ _ _ _ _ _ _ _ _ _ _ _ _ _ _ _ 

command = &lt;test_lan.TestLan object at 0x7fbf1c666350&gt;
namespace = 'network.interface.lan', method = 'status', params = {}

    def ubus_call(command, namespace, method, params={}):
&gt;       output = command.run_check(f"ubus call {namespace} {method} '{json.dumps(params)}'")
                 ^^^^^^^^^^^^^^^^^
E       AttributeError: 'TestLan' object has no attribute 'run_check'

tests/conftest.py:41: AttributeError</failure></testcase><testcase classname="tests.test_lan.TestLan" name="test_lan_interface_address" time="0.000"><failure message="AttributeError: 'TestLan' object has no attribute 'get_ip_addresses'">shell_command = &lt;test_lan.TestLan object at 0x7fbf1c65bce0&gt;

    def test_lan_interface_address(shell_command):
&gt;       assert shell_command.get_ip_addresses("br-lan")[0] == IPv4Interface(
               ^^^^^^^^^^^^^^^^^^^^^^^^^^^^^^
            "192.168.1.1/24"
        )
E       AttributeError: 'TestLan' object has no attribute 'get_ip_addresses'

tests/test_lan.py:33: AttributeError</failure></testcase><testcase classname="tests.test_lan.TestLan" name="test_lan_interface_has_neighbor" time="0.000"><failure message="AttributeError: 'TestLan' object has no attribute 'run'">shell_command = &lt;test_lan.TestLan object at 0x7fbf1c65b100&gt;

    def test_lan_interface_has_neighbor(shell_command):
&gt;       assert "DUP!" in "\n".join(shell_command.run("ping -c 3 ff02::1%br-lan")[0])
                                   ^^^^^^^^^^^^^^^^^
E       AttributeError: 'TestLan' object has no attribute 'run'

tests/test_lan.py:39: AttributeError</failure></testcase><testcase classname="tests.test_libremesh_shared_state_async" name="test_bat_links_info" time="0.000"><skipped type="pytest.skip" message="Skipping because feature &quot;{'libremesh'}&quot; is not supported">/home/runner/work/openwrt-tests/openwrt-tests/tests/test_libremesh_shared_state_async.py:43: Skipping because feature "{'libremesh'}" is not supported</skipped></testcase><testcase classname="tests.test_network_security" name="test_ssh_supported_algorithms" time="0.549" /><testcase classname="tests.test_opkg" name="test_opkg_procd_installed" time="0.000"><skipped type="pytest.skip" message="Skipping because feature &quot;{'opkg'}&quot; is not supported">/home/runner/work/openwrt-tests/openwrt-tests/tests/test_opkg.py:4: Skipping because feature "{'opkg'}" is not supported</skipped></testcase><testcase classname="tests.test_opkg" name="test_opkg_install_ucert" time="0.000"><skipped type="pytest.skip" message="Skipping because features &quot;{'opkg', 'online'}&quot; are not supported">/home/runner/work/openwrt-tests/openwrt-tests/tests/test_opkg.py:9: Skipping because features "{'opkg', 'online'}" are not supported</skipped></testcase><testcase classname="tests.test_system_health.TestSystemHealth" name="test_cpu_load" time="0.210" /><testcase classname="tests.test_system_health.TestSystemHealth" name="test_memory_usage" time="0.197" /><testcase classname="tests.test_system_health.TestSystemHealth" name="test_filesystem_usage" time="0.953" /><testcase classname="tests.test_system_health.TestSystemHealth" name="test_system_uptime" time="0.136" /><testcase classname="tests.test_system_health.TestSystemHealth" name="test_temperature_sensors" time="0.123" /><testcase classname="tests.test_system_health.TestSystemHealth" name="test_process_count" time="0.224" /><testcase classname="tests.test_system_health.TestSystemHealth" name="test_entropy_available" time="0.143" /><testcase classname="tests.test_system_health.TestSystemHealth" name="test_open_file_descriptors" time="0.125" /><testcase classname="tests.test_wan" name="test_wan_wait_for_network" time="0.240" /><testcase classname="tests.test_wan" name="test_https_download" time="0.000"><skipped type="pytest.skip" message="Skipping because feature &quot;{'online'}&quot; is not supported">/home/runner/work/openwrt-tests/openwrt-tests/tests/test_wan.py:56: Skipping because feature "{'online'}" is not supported</skipped></testcase><testcase classname="tests.test_wifi" name="test_wifi_wpa3" time="0.000"><skipped type="pytest.skip" message="Skipping because feature &quot;{'wifi'}&quot; is not supported">/home/runner/work/openwrt-tests/openwrt-tests/tests/test_wifi.py:28: Skipping because feature "{'wifi'}" is not supported</skipped></testcase><testcase classname="tests.test_wifi" name="test_wifi_wpa2" time="0.000"><skipped type="pytest.skip" message="Skipping because feature &quot;{'wifi'}&quot; is not supported">/home/runner/work/openwrt-tests/openwrt-tests/tests/test_wifi.py:52: Skipping because feature "{'wifi'}" is not supported</skipped></testcase><testcase classname="tests.test_wifi" name="test_wifi_scan" time="0.000"><skipped type="pytest.skip" message="Skipping because features &quot;{'wifi-neighbors', 'wifi'}&quot; are not supported">/home/runner/work/openwrt-tests/openwrt-tests/tests/test_wifi.py:76: Skipping because features "{'wifi-neighbors', 'wifi'}" are not supported</skipped></testcase><testcase classname="tests.test_wifi" name="test_wifi_hwsim_sae_mixed" time="0.132"><skipped type="pytest.skip" message="Skipping because feature &quot;{'hwsim'}&quot; is not supported">/home/runner/work/openwrt-tests/openwrt-tests/tests/test_wifi.py:97: Skipping because feature "{'hwsim'}" is not supported</skipped></testcase></testsuite></testsuites>