<?xml version="1.0" encoding="utf-8"?><testsuites name="pytest tests"><testsuite name="pytest" errors="0" failures="0" skipped="14" tests="35" time="51.785" timestamp="2026-02-15T02:01:14.773741+00:00" hostname="runnervmjduv7"><properties><property name="ENV_CONFIG" value="targets/qemu_x86-64.yaml" /><property name="TARGETS" value="['main']" /></properties><testcase classname="tests.test_apk.TestApk" name="test_apk_procd_installed" time="0.000"><skipped type="pytest.skip" message="LG_FEATURE_APK not defined">/home/runner/work/openwrt-tests/openwrt-tests/tests/test_apk.py:10: LG_FEATURE_APK not defined</skipped></testcase><testcase classname="tests.test_apk.TestApk" name="test_apk_add_ucert" time="0.000"><skipped type="pytest.skip" message="LG_FEATURE_APK not defined">/home/runner/work/openwrt-tests/openwrt-tests/tests/test_apk.py:13: LG_FEATURE_APK not defined</skipped></testcase><testcase classname="tests.test_apk.TestApk" name="test_apk_audit" time="0.000"><skipped type="pytest.skip" message="LG_FEATURE_APK not defined">/home/runner/work/openwrt-tests/openwrt-tests/tests/test_apk.py:23: LG_FEATURE_APK not defined</skipped></testcase><testcase classname="tests.test_base" name="test_shell" time="41.160" /><testcase classname="tests.test_base" name="test_firmware_version" time="0.151"><properties><property name="firmware_version" value="r29111-5774c8b316" /><property name="expected_firmware_version" value="r29111-5774c8b316" /></properties></testcase><testcase classname="tests.test_base" name="test_dropbear_startup" time="0.700" /><testcase classname="tests.test_base" name="test_ssh" time="5.157" /><testcase classname="tests.test_base" name="test_echo" time="0.077" /><testcase classname="tests.test_base" name="test_uname" time="0.142" /><testcase classname="tests.test_base" name="test_ubus_system_board" time="0.180" /><testcase classname="tests.test_base" name="test_free_memory" time="0.147" /><testcase classname="tests.test_base" name="test_sysupgrade_backup" time="0.000"><skipped type="pytest.skip" message="Skipping because feature &quot;{'rootfs'}&quot; is not supported">/home/runner/work/openwrt-tests/openwrt-tests/tests/test_base.py:69: Skipping because feature "{'rootfs'}" is not supported</skipped></testcase><testcase classname="tests.test_base" name="test_sysupgrade_backup_u" time="0.000"><skipped type="pytest.skip" message="Skipping because feature &quot;{'rootfs'}&quot; is not supported">/home/runner/work/openwrt-tests/openwrt-tests/tests/test_base.py:81: Skipping because feature "{'rootfs'}" is not supported</skipped></testcase><testcase classname="tests.test_base" name="test_kernel_errors" time="0.216" /><testcase classname="tests.test_lan" name="test_lan_wait_for_link_ready" time="0.344" /><testcase classname="tests.test_lan" name="test_lan_wait_for_network" time="0.289" /><testcase classname="tests.test_lan" name="test_lan_interface_address" time="0.198" /><testcase classname="tests.test_lan" name="test_lan_interface_has_neighbor" time="0.000"><skipped type="pytest.skip" message="Skipping because feature &quot;{'lan-neighbours'}&quot; is not supported">/home/runner/work/openwrt-tests/openwrt-tests/tests/test_lan.py:34: Skipping because feature "{'lan-neighbours'}" is not supported</skipped></testcase><testcase classname="tests.test_libremesh_shared_state_async" name="test_bat_links_info" time="0.000"><skipped type="pytest.skip" message="Skipping because feature &quot;{'libremesh'}&quot; is not supported">/home/runner/work/openwrt-tests/openwrt-tests/tests/test_libremesh_shared_state_async.py:43: Skipping because feature "{'libremesh'}" is not supported</skipped></testcase><testcase classname="tests.test_network_security" name="test_ssh_supported_algorithms" time="0.535" /><testcase classname="tests.test_opkg" name="test_opkg_procd_installed" time="0.000"><skipped type="pytest.skip" message="Skipping because feature &quot;{'opkg'}&quot; is not supported">/home/runner/work/openwrt-tests/openwrt-tests/tests/test_opkg.py:4: Skipping because feature "{'opkg'}" is not supported</skipped></testcase><testcase classname="tests.test_opkg" name="test_opkg_install_ucert" time="0.000"><skipped type="pytest.skip" message="Skipping because features &quot;{'online', 'opkg'}&quot; are not supported">/home/runner/work/openwrt-tests/openwrt-tests/tests/test_opkg.py:9: Skipping because features "{'online', 'opkg'}" are not supported</skipped></testcase><testcase classname="tests.test_system_health.TestSystemHealth" name="test_memory_usage" time="0.158" /><testcase classname="tests.test_system_health.TestSystemHealth" name="test_filesystem_usage" time="0.784" /><testcase classname="tests.test_system_health.TestSystemHealth" name="test_system_uptime" time="0.145" /><testcase classname="tests.test_system_health.TestSystemHealth" name="test_temperature_sensors" time="0.140" /><testcase classname="tests.test_system_health.TestSystemHealth" name="test_process_count" time="0.195" /><testcase classname="tests.test_system_health.TestSystemHealth" name="test_entropy_available" time="0.404" /><testcase classname="tests.test_system_health.TestSystemHealth" name="test_open_file_descriptors" time="0.177" /><testcase classname="tests.test_wan" name="test_wan_wait_for_network" time="0.304" /><testcase classname="tests.test_wan" name="test_https_download" time="0.000"><skipped type="pytest.skip" message="Skipping because feature &quot;{'online'}&quot; is not supported">/home/runner/work/openwrt-tests/openwrt-tests/tests/test_wan.py:56: Skipping because feature "{'online'}" is not supported</skipped></testcase><testcase classname="tests.test_wifi" name="test_wifi_wpa3" time="0.000"><skipped type="pytest.skip" message="Skipping because feature &quot;{'wifi'}&quot; is not supported">/home/runner/work/openwrt-tests/openwrt-tests/tests/test_wifi.py:28: Skipping because feature "{'wifi'}" is not supported</skipped></testcase><testcase classname="tests.test_wifi" name="test_wifi_wpa2" time="0.000"><skipped type="pytest.skip" message="Skipping because feature &quot;{'wifi'}&quot; is not supported">/home/runner/work/openwrt-tests/openwrt-tests/tests/test_wifi.py:52: Skipping because feature "{'wifi'}" is not supported</skipped></testcase><testcase classname="tests.test_wifi" name="test_wifi_scan" time="0.000"><skipped type="pytest.skip" message="Skipping because features &quot;{'wifi', 'wifi-neighbors'}&quot; are not supported">/home/runner/work/openwrt-tests/openwrt-tests/tests/test_wifi.py:76: Skipping because features "{'wifi', 'wifi-neighbors'}" are not supported</skipped></testcase><testcase classname="tests.test_wifi" name="test_wifi_hwsim_sae_mixed" time="0.098"><skipped type="pytest.skip" message="Skipping because feature &quot;{'hwsim'}&quot; is not supported">/home/runner/work/openwrt-tests/openwrt-tests/tests/test_wifi.py:97: Skipping because feature "{'hwsim'}" is not supported</skipped></testcase></testsuite></testsuites>