<?xml version="1.0" encoding="utf-8"?><testsuites name="pytest tests"><testsuite name="pytest" errors="0" failures="0" skipped="11" tests="35" time="65.001" timestamp="2026-02-17T02:01:56.699452+00:00" hostname="runnervmjduv7"><properties><property name="ENV_CONFIG" value="targets/qemu_x86-64.yaml" /><property name="TARGETS" value="['main']" /></properties><testcase classname="tests.test_apk.TestApk" name="test_apk_procd_installed" time="48.532" /><testcase classname="tests.test_apk.TestApk" name="test_apk_add_ucert" time="14.318" /><testcase classname="tests.test_apk.TestApk" name="test_apk_audit" time="0.200" /><testcase classname="tests.test_base" name="test_shell" time="0.048" /><testcase classname="tests.test_base" name="test_firmware_version" time="0.067"><properties><property name="firmware_version" value="r33113-fb71774232" /><property name="expected_firmware_version" value="r33113-fb71774232" /></properties></testcase><testcase classname="tests.test_base" name="test_dropbear_startup" time="0.158" /><testcase classname="tests.test_base" name="test_ssh" time="0.027" /><testcase classname="tests.test_base" name="test_echo" time="0.027" /><testcase classname="tests.test_base" name="test_uname" time="0.044" /><testcase classname="tests.test_base" name="test_ubus_system_board" time="0.057" /><testcase classname="tests.test_base" name="test_free_memory" time="0.045" /><testcase classname="tests.test_base" name="test_sysupgrade_backup" time="0.000"><skipped type="pytest.skip" message="Skipping because feature &quot;{'rootfs'}&quot; is not supported">/home/runner/work/openwrt-tests/openwrt-tests/tests/test_base.py:69: Skipping because feature "{'rootfs'}" is not supported</skipped></testcase><testcase classname="tests.test_base" name="test_sysupgrade_backup_u" time="0.000"><skipped type="pytest.skip" message="Skipping because feature &quot;{'rootfs'}&quot; is not supported">/home/runner/work/openwrt-tests/openwrt-tests/tests/test_base.py:81: Skipping because feature "{'rootfs'}" is not supported</skipped></testcase><testcase classname="tests.test_base" name="test_kernel_errors" time="0.091" /><testcase classname="tests.test_lan" name="test_lan_wait_for_link_ready" time="0.098" /><testcase classname="tests.test_lan" name="test_lan_wait_for_network" time="0.104" /><testcase classname="tests.test_lan" name="test_lan_interface_address" time="0.069" /><testcase classname="tests.test_lan" name="test_lan_interface_has_neighbor" time="0.000"><skipped type="pytest.skip" message="Skipping because feature &quot;{'lan-neighbours'}&quot; is not supported">/home/runner/work/openwrt-tests/openwrt-tests/tests/test_lan.py:34: Skipping because feature "{'lan-neighbours'}" is not supported</skipped></testcase><testcase classname="tests.test_libremesh_shared_state_async" name="test_bat_links_info" time="0.000"><skipped type="pytest.skip" message="Skipping because feature &quot;{'libremesh'}&quot; is not supported">/home/runner/work/openwrt-tests/openwrt-tests/tests/test_libremesh_shared_state_async.py:43: Skipping because feature "{'libremesh'}" is not supported</skipped></testcase><testcase classname="tests.test_network_security" name="test_ssh_supported_algorithms" time="0.318" /><testcase classname="tests.test_opkg" name="test_opkg_procd_installed" time="0.000"><skipped type="pytest.skip" message="Skipping because feature &quot;{'opkg'}&quot; is not supported">/home/runner/work/openwrt-tests/openwrt-tests/tests/test_opkg.py:4: Skipping because feature "{'opkg'}" is not supported</skipped></testcase><testcase classname="tests.test_opkg" name="test_opkg_install_ucert" time="0.000"><skipped type="pytest.skip" message="Skipping because features &quot;{'online', 'opkg'}&quot; are not supported">/home/runner/work/openwrt-tests/openwrt-tests/tests/test_opkg.py:9: Skipping because features "{'online', 'opkg'}" are not supported</skipped></testcase><testcase classname="tests.test_system_health.TestSystemHealth" name="test_memory_usage" time="0.044" /><testcase classname="tests.test_system_health.TestSystemHealth" name="test_filesystem_usage" time="0.259" /><testcase classname="tests.test_system_health.TestSystemHealth" name="test_system_uptime" time="0.039" /><testcase classname="tests.test_system_health.TestSystemHealth" name="test_temperature_sensors" time="0.041" /><testcase classname="tests.test_system_health.TestSystemHealth" name="test_process_count" time="0.073" /><testcase classname="tests.test_system_health.TestSystemHealth" name="test_entropy_available" time="0.041" /><testcase classname="tests.test_system_health.TestSystemHealth" name="test_open_file_descriptors" time="0.040" /><testcase classname="tests.test_wan" name="test_wan_wait_for_network" time="0.105" /><testcase classname="tests.test_wan" name="test_https_download" time="0.000"><skipped type="pytest.skip" message="Skipping because feature &quot;{'online'}&quot; is not supported">/home/runner/work/openwrt-tests/openwrt-tests/tests/test_wan.py:56: Skipping because feature "{'online'}" is not supported</skipped></testcase><testcase classname="tests.test_wifi" name="test_wifi_wpa3" time="0.000"><skipped type="pytest.skip" message="Skipping because feature &quot;{'wifi'}&quot; is not supported">/home/runner/work/openwrt-tests/openwrt-tests/tests/test_wifi.py:28: Skipping because feature "{'wifi'}" is not supported</skipped></testcase><testcase classname="tests.test_wifi" name="test_wifi_wpa2" time="0.000"><skipped type="pytest.skip" message="Skipping because feature &quot;{'wifi'}&quot; is not supported">/home/runner/work/openwrt-tests/openwrt-tests/tests/test_wifi.py:52: Skipping because feature "{'wifi'}" is not supported</skipped></testcase><testcase classname="tests.test_wifi" name="test_wifi_scan" time="0.000"><skipped type="pytest.skip" message="Skipping because features &quot;{'wifi', 'wifi-neighbors'}&quot; are not supported">/home/runner/work/openwrt-tests/openwrt-tests/tests/test_wifi.py:76: Skipping because features "{'wifi', 'wifi-neighbors'}" are not supported</skipped></testcase><testcase classname="tests.test_wifi" name="test_wifi_hwsim_sae_mixed" time="0.079"><skipped type="pytest.skip" message="Skipping because feature &quot;{'hwsim'}&quot; is not supported">/home/runner/work/openwrt-tests/openwrt-tests/tests/test_wifi.py:97: Skipping because feature "{'hwsim'}" is not supported</skipped></testcase></testsuite></testsuites>