<?xml version="1.0" encoding="utf-8"?><testsuites name="pytest tests"><testsuite name="pytest" errors="0" failures="1" skipped="13" tests="36" time="54.329" timestamp="2025-12-01T17:52:11.043184+00:00" hostname="runnervmg1sw1"><properties><property name="ENV_CONFIG" value="targets/qemu_armsr-armv8.yaml" /><property name="TARGETS" value="['main']" /></properties><testcase classname="tests.test_apk.TestApk" name="test_apk_procd_installed" time="0.000"><skipped type="pytest.skip" message="LG_FEATURE_APK not defined">/home/runner/work/openwrt-tests/openwrt-tests/tests/test_apk.py:10: LG_FEATURE_APK not defined</skipped></testcase><testcase classname="tests.test_apk.TestApk" name="test_apk_add_ucert" time="0.000"><skipped type="pytest.skip" message="LG_FEATURE_APK not defined">/home/runner/work/openwrt-tests/openwrt-tests/tests/test_apk.py:13: LG_FEATURE_APK not defined</skipped></testcase><testcase classname="tests.test_apk.TestApk" name="test_apk_audit" time="0.000"><skipped type="pytest.skip" message="LG_FEATURE_APK not defined">/home/runner/work/openwrt-tests/openwrt-tests/tests/test_apk.py:23: LG_FEATURE_APK not defined</skipped></testcase><testcase classname="tests.test_base" name="test_shell" time="36.108" /><testcase classname="tests.test_base" name="test_firmware_version" time="0.365"><properties><property name="firmware_version" value="r24240-fd7b88447c" /><property name="expected_firmware_version" value="r24240-fd7b88447c" /></properties></testcase><testcase classname="tests.test_base" name="test_dropbear_startup" time="2.573" /><testcase classname="tests.test_base" name="test_ssh" time="6.426" /><testcase classname="tests.test_base" name="test_echo" time="0.149" /><testcase classname="tests.test_base" name="test_uname" time="0.240" /><testcase classname="tests.test_base" name="test_ubus_system_board" time="0.357" /><testcase classname="tests.test_base" name="test_free_memory" time="0.191" /><testcase classname="tests.test_base" name="test_sysupgrade_backup" time="0.000"><skipped type="pytest.skip" message="Skipping because feature &quot;{'rootfs'}&quot; is not supported">/home/runner/work/openwrt-tests/openwrt-tests/tests/test_base.py:69: Skipping because feature "{'rootfs'}" is not supported</skipped></testcase><testcase classname="tests.test_base" name="test_sysupgrade_backup_u" time="0.000"><skipped type="pytest.skip" message="Skipping because feature &quot;{'rootfs'}&quot; is not supported">/home/runner/work/openwrt-tests/openwrt-tests/tests/test_base.py:81: Skipping because feature "{'rootfs'}" is not supported</skipped></testcase><testcase classname="tests.test_base" name="test_kernel_errors" time="0.280" /><testcase classname="tests.test_lan" name="test_lan_wait_for_link_ready" time="0.368" /><testcase classname="tests.test_lan" name="test_lan_wait_for_network" time="0.560" /><testcase classname="tests.test_lan" name="test_lan_interface_address" time="0.293" /><testcase classname="tests.test_lan" name="test_lan_interface_has_neighbor" time="2.276"><failure message="AssertionError: assert 'DUP!' in 'PING ff02::1%br-lan (ff02::1%4): 56 data bytes\n64 bytes from fe80::5054:ff:fe12:3456: seq=0 ttl=64 time=3.254 ms\n64 bytes from fe80::5054:ff:fe12:3456: seq=1 ttl=64 time=11.918 ms\n64 bytes from fe80::5054:ff:fe12:3456: seq=2 ttl=64 time=1.957 ms\n\n--- ff02::1%br-lan ping statistics ---\n3 packets transmitted, 3 packets received, 0% packet loss\nround-trip min/avg/max = 1.957/5.709/11.918 ms'&#10; +  where 'PING ff02::1%br-lan (ff02::1%4): 56 data bytes\n64 bytes from fe80::5054:ff:fe12:3456: seq=0 ttl=64 time=3.254 ms\n64 bytes from fe80::5054:ff:fe12:3456: seq=1 ttl=64 time=11.918 ms\n64 bytes from fe80::5054:ff:fe12:3456: seq=2 ttl=64 time=1.957 ms\n\n--- ff02::1%br-lan ping statistics ---\n3 packets transmitted, 3 packets received, 0% packet loss\nround-trip min/avg/max = 1.957/5.709/11.918 ms' = &lt;built-in method join of str object at 0x15b3310&gt;(['PING ff02::1%br-lan (ff02::1%4): 56 data bytes', '64 bytes from fe80::5054:ff:fe12:3456: seq=0 ttl=64 time=3.254 ms', '64 bytes from fe80::5054:ff:fe12:3456: seq=1 ttl=64 time=11.918 ms', '64 bytes from fe80::5054:ff:fe12:3456: seq=2 ttl=64 time=1.957 ms', '', '--- ff02::1%br-lan ping statistics ---', ...])&#10; +    where &lt;built-in method join of str object at 0x15b3310&gt; = '\n'.join">shell_command = ShellDriver(target=Target(name='main', env=Environment(config_file='targets/qemu_armsr-armv8.yaml')), name=None, state...root', password=None, keyfile='', login_timeout=60, console_ready='', await_login_timeout=15, post_login_settle_time=0)

    def test_lan_interface_has_neighbor(shell_command):
&gt;       assert "DUP!" in "\n".join(shell_command.run("ping -c 3 ff02::1%br-lan")[0])
E       AssertionError: assert 'DUP!' in 'PING ff02::1%br-lan (ff02::1%4): 56 data bytes\n64 bytes from fe80::5054:ff:fe12:3456: seq=0 ttl=64 time=3.254 ms\n64 bytes from fe80::5054:ff:fe12:3456: seq=1 ttl=64 time=11.918 ms\n64 bytes from fe80::5054:ff:fe12:3456: seq=2 ttl=64 time=1.957 ms\n\n--- ff02::1%br-lan ping statistics ---\n3 packets transmitted, 3 packets received, 0% packet loss\nround-trip min/avg/max = 1.957/5.709/11.918 ms'
E        +  where 'PING ff02::1%br-lan (ff02::1%4): 56 data bytes\n64 bytes from fe80::5054:ff:fe12:3456: seq=0 ttl=64 time=3.254 ms\n64 bytes from fe80::5054:ff:fe12:3456: seq=1 ttl=64 time=11.918 ms\n64 bytes from fe80::5054:ff:fe12:3456: seq=2 ttl=64 time=1.957 ms\n\n--- ff02::1%br-lan ping statistics ---\n3 packets transmitted, 3 packets received, 0% packet loss\nround-trip min/avg/max = 1.957/5.709/11.918 ms' = &lt;built-in method join of str object at 0x15b3310&gt;(['PING ff02::1%br-lan (ff02::1%4): 56 data bytes', '64 bytes from fe80::5054:ff:fe12:3456: seq=0 ttl=64 time=3.254 ms', '64 bytes from fe80::5054:ff:fe12:3456: seq=1 ttl=64 time=11.918 ms', '64 bytes from fe80::5054:ff:fe12:3456: seq=2 ttl=64 time=1.957 ms', '', '--- ff02::1%br-lan ping statistics ---', ...])
E        +    where &lt;built-in method join of str object at 0x15b3310&gt; = '\n'.join

tests/test_lan.py:33: AssertionError</failure></testcase><testcase classname="tests.test_libremesh_shared_state_async" name="test_bat_links_info" time="0.000"><skipped type="pytest.skip" message="Skipping because feature &quot;{'libremesh'}&quot; is not supported">/home/runner/work/openwrt-tests/openwrt-tests/tests/test_libremesh_shared_state_async.py:43: Skipping because feature "{'libremesh'}" is not supported</skipped></testcase><testcase classname="tests.test_network_security" name="test_ssh_supported_algorithms" time="0.723" /><testcase classname="tests.test_opkg" name="test_opkg_procd_installed" time="0.000"><skipped type="pytest.skip" message="Skipping because feature &quot;{'opkg'}&quot; is not supported">/home/runner/work/openwrt-tests/openwrt-tests/tests/test_opkg.py:4: Skipping because feature "{'opkg'}" is not supported</skipped></testcase><testcase classname="tests.test_opkg" name="test_opkg_install_ucert" time="0.000"><skipped type="pytest.skip" message="Skipping because features &quot;{'opkg', 'online'}&quot; are not supported">/home/runner/work/openwrt-tests/openwrt-tests/tests/test_opkg.py:9: Skipping because features "{'opkg', 'online'}" are not supported</skipped></testcase><testcase classname="tests.test_system_health.TestSystemHealth" name="test_cpu_load" time="0.219" /><testcase classname="tests.test_system_health.TestSystemHealth" name="test_memory_usage" time="0.219" /><testcase classname="tests.test_system_health.TestSystemHealth" name="test_filesystem_usage" time="1.264" /><testcase classname="tests.test_system_health.TestSystemHealth" name="test_system_uptime" time="0.205" /><testcase classname="tests.test_system_health.TestSystemHealth" name="test_temperature_sensors" time="0.166" /><testcase classname="tests.test_system_health.TestSystemHealth" name="test_process_count" time="0.401" /><testcase classname="tests.test_system_health.TestSystemHealth" name="test_entropy_available" time="0.156" /><testcase classname="tests.test_system_health.TestSystemHealth" name="test_open_file_descriptors" time="0.148" /><testcase classname="tests.test_wan" name="test_wan_wait_for_network" time="0.433" /><testcase classname="tests.test_wan" name="test_https_download" time="0.000"><skipped type="pytest.skip" message="Skipping because feature &quot;{'online'}&quot; is not supported">/home/runner/work/openwrt-tests/openwrt-tests/tests/test_wan.py:56: Skipping because feature "{'online'}" is not supported</skipped></testcase><testcase classname="tests.test_wifi" name="test_wifi_wpa3" time="0.000"><skipped type="pytest.skip" message="Skipping because feature &quot;{'wifi'}&quot; is not supported">/home/runner/work/openwrt-tests/openwrt-tests/tests/test_wifi.py:28: Skipping because feature "{'wifi'}" is not supported</skipped></testcase><testcase classname="tests.test_wifi" name="test_wifi_wpa2" time="0.000"><skipped type="pytest.skip" message="Skipping because feature &quot;{'wifi'}&quot; is not supported">/home/runner/work/openwrt-tests/openwrt-tests/tests/test_wifi.py:52: Skipping because feature "{'wifi'}" is not supported</skipped></testcase><testcase classname="tests.test_wifi" name="test_wifi_scan" time="0.000"><skipped type="pytest.skip" message="Skipping because features &quot;{'wifi', 'wifi-neighbors'}&quot; are not supported">/home/runner/work/openwrt-tests/openwrt-tests/tests/test_wifi.py:76: Skipping because features "{'wifi', 'wifi-neighbors'}" are not supported</skipped></testcase><testcase classname="tests.test_wifi" name="test_wifi_hwsim_sae_mixed" time="0.060"><skipped type="pytest.skip" message="Skipping because feature &quot;{'hwsim'}&quot; is not supported">/home/runner/work/openwrt-tests/openwrt-tests/tests/test_wifi.py:97: Skipping because feature "{'hwsim'}" is not supported</skipped></testcase></testsuite></testsuites>