<?xml version="1.0" encoding="utf-8"?><testsuites name="pytest tests"><testsuite name="pytest" errors="0" failures="0" skipped="11" tests="35" time="81.913" timestamp="2026-06-14T02:54:32.713371+00:00" hostname="runnervm1li68"><properties><property name="ENV_CONFIG" value="targets/qemu_armsr-armv8.yaml" /><property name="TARGETS" value="['main']" /></properties><testcase classname="tests.test_apk.TestApk" name="test_apk_procd_installed" time="54.152" /><testcase classname="tests.test_apk.TestApk" name="test_apk_add_ucert" time="24.496" /><testcase classname="tests.test_apk.TestApk" name="test_apk_audit" time="0.355" /><testcase classname="tests.test_base" name="test_shell" time="0.075" /><testcase classname="tests.test_base" name="test_firmware_version" time="0.102"><properties><property name="firmware_version" value="r34880-aa510aa47d" /><property name="expected_firmware_version" value="r34880-aa510aa47d" /></properties></testcase><testcase classname="tests.test_base" name="test_dropbear_startup" time="0.340" /><testcase classname="tests.test_base" name="test_ssh" time="0.041" /><testcase classname="tests.test_base" name="test_echo" time="0.042" /><testcase classname="tests.test_base" name="test_uname" time="0.082" /><testcase classname="tests.test_base" name="test_ubus_system_board" time="0.089" /><testcase classname="tests.test_base" name="test_free_memory" time="0.064" /><testcase classname="tests.test_base" name="test_sysupgrade_backup" time="0.000"><skipped type="pytest.skip" message="Skipping because feature &quot;{'rootfs'}&quot; is not supported">/home/runner/work/openwrt-tests/openwrt-tests/tests/test_base.py:69: Skipping because feature "{'rootfs'}" is not supported</skipped></testcase><testcase classname="tests.test_base" name="test_sysupgrade_backup_u" time="0.000"><skipped type="pytest.skip" message="Skipping because feature &quot;{'rootfs'}&quot; is not supported">/home/runner/work/openwrt-tests/openwrt-tests/tests/test_base.py:81: Skipping because feature "{'rootfs'}" is not supported</skipped></testcase><testcase classname="tests.test_base" name="test_kernel_errors" time="0.097" /><testcase classname="tests.test_lan" name="test_lan_wait_for_link_ready" time="0.158" /><testcase classname="tests.test_lan" name="test_lan_wait_for_network" time="0.170" /><testcase classname="tests.test_lan" name="test_lan_interface_address" time="0.101" /><testcase classname="tests.test_lan" name="test_lan_interface_has_neighbor" time="0.000"><skipped type="pytest.skip" message="Skipping because feature &quot;{'lan-neighbours'}&quot; is not supported">/home/runner/work/openwrt-tests/openwrt-tests/tests/test_lan.py:34: Skipping because feature "{'lan-neighbours'}" is not supported</skipped></testcase><testcase classname="tests.test_libremesh_shared_state_async" name="test_bat_links_info" time="0.000"><skipped type="pytest.skip" message="Skipping because feature &quot;{'hwsim'}&quot; is not supported">/home/runner/work/openwrt-tests/openwrt-tests/tests/test_libremesh_shared_state_async.py:43: Skipping because feature "{'hwsim'}" is not supported</skipped></testcase><testcase classname="tests.test_network_security" name="test_ssh_supported_algorithms" time="0.382" /><testcase classname="tests.test_opkg" name="test_opkg_procd_installed" time="0.000"><skipped type="pytest.skip" message="Skipping because feature &quot;{'opkg'}&quot; is not supported">/home/runner/work/openwrt-tests/openwrt-tests/tests/test_opkg.py:4: Skipping because feature "{'opkg'}" is not supported</skipped></testcase><testcase classname="tests.test_opkg" name="test_opkg_install_ucert" time="0.000"><skipped type="pytest.skip" message="Skipping because features &quot;{'opkg', 'online'}&quot; are not supported">/home/runner/work/openwrt-tests/openwrt-tests/tests/test_opkg.py:9: Skipping because features "{'opkg', 'online'}" are not supported</skipped></testcase><testcase classname="tests.test_system_health.TestSystemHealth" name="test_memory_usage" time="0.085" /><testcase classname="tests.test_system_health.TestSystemHealth" name="test_filesystem_usage" time="0.413" /><testcase classname="tests.test_system_health.TestSystemHealth" name="test_system_uptime" time="0.070" /><testcase classname="tests.test_system_health.TestSystemHealth" name="test_temperature_sensors" time="0.067" /><testcase classname="tests.test_system_health.TestSystemHealth" name="test_process_count" time="0.142" /><testcase classname="tests.test_system_health.TestSystemHealth" name="test_entropy_available" time="0.060" /><testcase classname="tests.test_system_health.TestSystemHealth" name="test_open_file_descriptors" time="0.060" /><testcase classname="tests.test_wan" name="test_wan_wait_for_network" time="0.153" /><testcase classname="tests.test_wan" name="test_https_download" time="0.000"><skipped type="pytest.skip" message="Skipping because feature &quot;{'online'}&quot; is not supported">/home/runner/work/openwrt-tests/openwrt-tests/tests/test_wan.py:56: Skipping because feature "{'online'}" is not supported</skipped></testcase><testcase classname="tests.test_wifi" name="test_wifi_wpa3" time="0.000"><skipped type="pytest.skip" message="Skipping because feature &quot;{'wifi'}&quot; is not supported">/home/runner/work/openwrt-tests/openwrt-tests/tests/test_wifi.py:28: Skipping because feature "{'wifi'}" is not supported</skipped></testcase><testcase classname="tests.test_wifi" name="test_wifi_wpa2" time="0.000"><skipped type="pytest.skip" message="Skipping because feature &quot;{'wifi'}&quot; is not supported">/home/runner/work/openwrt-tests/openwrt-tests/tests/test_wifi.py:52: Skipping because feature "{'wifi'}" is not supported</skipped></testcase><testcase classname="tests.test_wifi" name="test_wifi_scan" time="0.000"><skipped type="pytest.skip" message="Skipping because features &quot;{'wifi-neighbors', 'wifi'}&quot; are not supported">/home/runner/work/openwrt-tests/openwrt-tests/tests/test_wifi.py:76: Skipping because features "{'wifi-neighbors', 'wifi'}" are not supported</skipped></testcase><testcase classname="tests.test_wifi" name="test_wifi_hwsim_sae_mixed" time="0.032"><skipped type="pytest.skip" message="Skipping because feature &quot;{'hwsim'}&quot; is not supported">/home/runner/work/openwrt-tests/openwrt-tests/tests/test_wifi.py:97: Skipping because feature "{'hwsim'}" is not supported</skipped></testcase></testsuite></testsuites>