<?xml version="1.0" encoding="utf-8"?><testsuites name="pytest tests"><testsuite name="pytest" errors="0" failures="0" skipped="16" tests="35" time="68.640" timestamp="2026-05-15T04:10:51.813865+00:00" hostname="runnervmeorf1"><properties><property name="ENV_CONFIG" value="targets/qemu-libremesh-x86-64.yaml" /><property name="TARGETS" value="['main']" /></properties><testcase classname="tests.test_apk.TestApk" name="test_apk_procd_installed" time="0.000"><skipped type="pytest.skip" message="LG_FEATURE_APK not defined">/home/runner/work/openwrt-tests/openwrt-tests/tests/test_apk.py:10: LG_FEATURE_APK not defined</skipped></testcase><testcase classname="tests.test_apk.TestApk" name="test_apk_add_ucert" time="0.000"><skipped type="pytest.skip" message="LG_FEATURE_APK not defined">/home/runner/work/openwrt-tests/openwrt-tests/tests/test_apk.py:13: LG_FEATURE_APK not defined</skipped></testcase><testcase classname="tests.test_apk.TestApk" name="test_apk_audit" time="0.000"><skipped type="pytest.skip" message="LG_FEATURE_APK not defined">/home/runner/work/openwrt-tests/openwrt-tests/tests/test_apk.py:23: LG_FEATURE_APK not defined</skipped></testcase><testcase classname="tests.test_base" name="test_shell" time="55.902" /><testcase classname="tests.test_base" name="test_firmware_version" time="0.263"><properties><property name="firmware_version" value="r29182-af35693db2" /><property name="expected_firmware_version" value="r29182-af35693db2" /></properties></testcase><testcase classname="tests.test_base" name="test_dropbear_startup" time="1.478" /><testcase classname="tests.test_base" name="test_ssh" time="1.530" /><testcase classname="tests.test_base" name="test_echo" time="0.268" /><testcase classname="tests.test_base" name="test_uname" time="0.444" /><testcase classname="tests.test_base" name="test_ubus_system_board" time="0.725" /><testcase classname="tests.test_base" name="test_free_memory" time="0.549" /><testcase classname="tests.test_base" name="test_sysupgrade_backup" time="0.000"><skipped type="pytest.skip" message="Skipping because feature &quot;{'rootfs'}&quot; is not supported">/home/runner/work/openwrt-tests/openwrt-tests/tests/test_base.py:69: Skipping because feature "{'rootfs'}" is not supported</skipped></testcase><testcase classname="tests.test_base" name="test_sysupgrade_backup_u" time="0.000"><skipped type="pytest.skip" message="Skipping because feature &quot;{'rootfs'}&quot; is not supported">/home/runner/work/openwrt-tests/openwrt-tests/tests/test_base.py:81: Skipping because feature "{'rootfs'}" is not supported</skipped></testcase><testcase classname="tests.test_base" name="test_kernel_errors" time="0.675" /><testcase classname="tests.test_lan" name="test_lan_wait_for_link_ready" time="0.911" /><testcase classname="tests.test_lan" name="test_lan_wait_for_network" time="0.649" /><testcase classname="tests.test_lan" name="test_lan_interface_address" time="0.000"><skipped type="pytest.skip" message="Skipping because feature &quot;{'openwrt'}&quot; is not supported">/home/runner/work/openwrt-tests/openwrt-tests/tests/test_lan.py:27: Skipping because feature "{'openwrt'}" is not supported</skipped></testcase><testcase classname="tests.test_lan" name="test_lan_interface_has_neighbor" time="0.000"><skipped type="pytest.skip" message="Skipping because feature &quot;{'lan-neighbours'}&quot; is not supported">/home/runner/work/openwrt-tests/openwrt-tests/tests/test_lan.py:34: Skipping because feature "{'lan-neighbours'}" is not supported</skipped></testcase><testcase classname="tests.test_libremesh_shared_state_async" name="test_bat_links_info" time="0.000"><skipped type="pytest.skip" message="Skipping because feature &quot;{'hwsim'}&quot; is not supported">/home/runner/work/openwrt-tests/openwrt-tests/tests/test_libremesh_shared_state_async.py:43: Skipping because feature "{'hwsim'}" is not supported</skipped></testcase><testcase classname="tests.test_network_security" name="test_ssh_supported_algorithms" time="1.243" /><testcase classname="tests.test_opkg" name="test_opkg_procd_installed" time="0.000"><skipped type="pytest.skip" message="Skipping because feature &quot;{'opkg'}&quot; is not supported">/home/runner/work/openwrt-tests/openwrt-tests/tests/test_opkg.py:4: Skipping because feature "{'opkg'}" is not supported</skipped></testcase><testcase classname="tests.test_opkg" name="test_opkg_install_ucert" time="0.000"><skipped type="pytest.skip" message="Skipping because features &quot;{'online', 'opkg'}&quot; are not supported">/home/runner/work/openwrt-tests/openwrt-tests/tests/test_opkg.py:9: Skipping because features "{'online', 'opkg'}" are not supported</skipped></testcase><testcase classname="tests.test_system_health.TestSystemHealth" name="test_memory_usage" time="0.423" /><testcase classname="tests.test_system_health.TestSystemHealth" name="test_filesystem_usage" time="1.823" /><testcase classname="tests.test_system_health.TestSystemHealth" name="test_system_uptime" time="0.246" /><testcase classname="tests.test_system_health.TestSystemHealth" name="test_temperature_sensors" time="0.263" /><testcase classname="tests.test_system_health.TestSystemHealth" name="test_process_count" time="0.561" /><testcase classname="tests.test_system_health.TestSystemHealth" name="test_entropy_available" time="0.273" /><testcase classname="tests.test_system_health.TestSystemHealth" name="test_open_file_descriptors" time="0.283" /><testcase classname="tests.test_wan" name="test_wan_wait_for_network" time="0.000"><skipped type="pytest.skip" message="Skipping because feature &quot;{'wan_port'}&quot; is not supported">/home/runner/work/openwrt-tests/openwrt-tests/tests/test_wan.py:45: Skipping because feature "{'wan_port'}" is not supported</skipped></testcase><testcase classname="tests.test_wan" name="test_https_download" time="0.000"><skipped type="pytest.skip" message="Skipping because feature &quot;{'online'}&quot; is not supported">/home/runner/work/openwrt-tests/openwrt-tests/tests/test_wan.py:56: Skipping because feature "{'online'}" is not supported</skipped></testcase><testcase classname="tests.test_wifi" name="test_wifi_wpa3" time="0.000"><skipped type="pytest.skip" message="Skipping because feature &quot;{'wifi'}&quot; is not supported">/home/runner/work/openwrt-tests/openwrt-tests/tests/test_wifi.py:28: Skipping because feature "{'wifi'}" is not supported</skipped></testcase><testcase classname="tests.test_wifi" name="test_wifi_wpa2" time="0.000"><skipped type="pytest.skip" message="Skipping because feature &quot;{'wifi'}&quot; is not supported">/home/runner/work/openwrt-tests/openwrt-tests/tests/test_wifi.py:52: Skipping because feature "{'wifi'}" is not supported</skipped></testcase><testcase classname="tests.test_wifi" name="test_wifi_scan" time="0.000"><skipped type="pytest.skip" message="Skipping because features &quot;{'wifi', 'wifi-neighbors'}&quot; are not supported">/home/runner/work/openwrt-tests/openwrt-tests/tests/test_wifi.py:76: Skipping because features "{'wifi', 'wifi-neighbors'}" are not supported</skipped></testcase><testcase classname="tests.test_wifi" name="test_wifi_hwsim_sae_mixed" time="0.044"><skipped type="pytest.skip" message="Skipping because feature &quot;{'hwsim'}&quot; is not supported">/home/runner/work/openwrt-tests/openwrt-tests/tests/test_wifi.py:97: Skipping because feature "{'hwsim'}" is not supported</skipped></testcase></testsuite></testsuites>